<?xml version="1.0" encoding="utf-8"?><testsuites><testsuite name="pytest" errors="0" failures="0" skipped="0" tests="3" time="0.037" timestamp="2023-08-11T00:15:56.785980" hostname="ryan-delta"><testcase classname="tests.test_dap_stacktrace.TestStacktrace" name="test_stack_trace_request" time="0.002" /><testcase classname="tests.test_dap_stacktrace.TestStacktrace" name="test_render_frame_to_radiolist_text" time="0.002" /><testcase classname="tests.test_dap_stacktrace.TestStacktrace" name="test_attach_stacktrace_widget" time="0.014" /></testsuite></testsuites>